<?xml version="1.0" encoding="utf-8"?><testsuites name="pytest tests"><testsuite name="pytest" errors="0" failures="0" skipped="0" tests="20" time="4.716" timestamp="2026-09-08T20:23:34.592068+00:00" hostname="35c229cef740"><testcase classname="tests.test_isolation" name="test_workspace_jail" time="0.085" /><testcase classname="tests.test_isolation" name="test_egress_policy" time="0.073" /><testcase classname="tests.test_isolation" name="test_credential_in_spec_blocked" time="0.008" /><testcase classname="tests.test_latency" name="test_latency_exec_vs_subprocess" time="0.215" /><testcase classname="tests.test_latency" name="test_latency_polling_overhead" time="0.003" /><testcase classname="tests.test_lifecycle" name="test_timeout" time="1.026" /><testcase classname="tests.test_lifecycle" name="test_cancellation" time="0.813" /><testcase classname="tests.test_lifecycle" name="test_stream_pause_snapshot_501" time="0.021" /><testcase classname="tests.test_linux_cgroup" name="test_cgroup_v2_and_pids" time="0.003" /><testcase classname="tests.test_linux_cgroup" name="test_concurrency_5" time="1.618" /><testcase classname="tests.test_output" name="test_empty_output" time="0.216" /><testcase classname="tests.test_output" name="test_output_exact" time="0.012" /><testcase classname="tests.test_output" name="test_output_truncation" time="0.215" /><testcase classname="tests.test_output" name="test_output_pagination" time="0.221" /><testcase classname="tests.test_persistence" name="test_files_write_read_list" time="0.011" /><testcase classname="tests.test_persistence" name="test_sync_pending_to_synced" time="0.009" /><testcase classname="tests.test_persistence" name="test_base64_roundtrip" time="0.007" /><testcase classname="tests.test_persistence" name="test_environment_spec" time="0.007" /><testcase classname="tests.test_persistence" name="test_stop_start_persistence" time="0.017" /><testcase classname="tests.test_startup" name="test_startup_warm" time="0.005" /></testsuite></testsuites>